<?xml version="1.0" encoding="UTF-8"?>
<!-- Generated by org.testng.reporters.JUnitXMLReporter -->
<testsuite ignored="0" hostname="chairunnissap" failures="1" tests="1" name="Surefire test" time="59.927" errors="0" timestamp="2025-10-29T23:34:20 WIB">
  <testcase classname="io.cucumber.testng.AbstractTestNGCucumberTests" name="runScenario" time="59.012">
    <failure type="java.lang.AssertionError" message="Penerbangan pergi tidak sesuai! expected [true] but found [false]">
      <![CDATA[java.lang.AssertionError: Penerbangan pergi tidak sesuai! expected [true] but found [false]
at stepdefenitions.BookFlightImpl.User_verifikasi_detail_tiket(BookFlightImpl.java:87)
at ✽.User verifikasi detail tiket(classpath:features/BookFlightAgoda.feature:12)
... Removed 3 stack frames]]>
    </failure>
  </testcase> <!-- runScenario -->
</testsuite> <!-- Surefire test -->
