<?xml version="1.0" encoding="UTF-8"?>
<testsuite xmlns:xsi="http://www.w3.org/2001/XMLSchema-instance" xsi:noNamespaceSchemaLocation="https://maven.apache.org/surefire/maven-surefire-plugin/xsd/surefire-test-report-3.0.xsd" version="3.0" name="runner.TestRunner" time="75.467" tests="1" errors="0" skipped="0" failures="0">
  <properties>
[...]
</properties>
  <testcase name="runScenario[&quot;User can book flight successfully&quot;, &quot;Book Flight functionality&quot;](1)" classname="runner.TestRunner" time="73.717">
    <system-out><![CDATA[
Scenario Outline: User can book flight successfully                                 # features/BookFlightAgoda.feature:16
Dapat Akses
  When User can access web Agoda                                                    # stepdefenitions.BookFlightImpl.User_can_access_web_Agoda()
  Then User click pesawat button                                                    # stepdefenitions.BookFlightImpl.User_click_pesawat_button()
  When User click PulangPergi button                                                # stepdefenitions.BookFlightImpl.User_click_PulangPergi_button()
  Then User input dan pilih bandara keberangkatan "Jakart" dan destinasi "Singapur" # stepdefenitions.BookFlightImpl.User_input_dan_pilih_bandara_keberangkatan_dan_destinasi(java.lang.String,java.lang.String)
  When User click tgl brgkt dan tgl pulang                                          # stepdefenitions.BookFlightImpl.User_click_tgl_brgkt_dan_tgl_pulang()
  Then User click tombol penumpang dan cari penerbangan                             # stepdefenitions.BookFlightImpl.User_click_tombol_penumpang_dan_cari_penerbangan()
Maskapai 'AirAsia' berhasil dipilih.
Total flight card ditemukan: 20
Berhasil klik flight card index ke-0
Berhasil klik tombol 'Pilih'.
  When User filter maskapai "AirAsia"                                               # stepdefenitions.BookFlightImpl.User_filter_maskapai(java.lang.String)
Berhasil klik tombol 'Pilih' lanjutan (inline-flight-card-bookButton).
  Then User pilih maskapai terpilih                                                 # stepdefenitions.BookFlightImpl.User_pilih_maskapai_terpilih()
Verifikasi Pergi: CGK 21:15 → SIN 07:05+1
Verifikasi Pulang: SIN 21:40 → CGK 08:50+1
Maskapai yang ditemukan di halaman:
AirAsia
Batik Air (Malaysia)
Terdapat penerbangan AirAsia di daftar.
Harga ditemukan di halaman: Rp 7,282,646
Harga valid: Rp Rp 7,282,646 (kurang dari Rp 10.000.000)
  When User verifikasi detail tiket                                                 # stepdefenitions.BookFlightImpl.User_verifikasi_detail_tiket()
Nama depan diisi: Chairun
Nama belakang diisi: Puspitasari
Email diisi: kueichaa@gmail.com
Nomor telepon diisi: 87886095151
  Then User isi informasi kontak                                                    # stepdefenitions.BookFlightImpl.User_isi_informasi_kontak()
]]></system-out>
    <system-err><![CDATA[Oct 30, 2025 1:59:47 AM org.openqa.selenium.devtools.CdpVersionFinder findNearestMatch
WARNING: Unable to find an exact match for CDP version 141, returning the closest version; found: 140; Please update to a Selenium version that supports CDP version 141
]]></system-err>
  </testcase>
</testsuite>