<?xml version="1.0" encoding="UTF-8"?>
<!-- Generated by org.testng.reporters.JUnitReportReporter -->
<testsuite hostname="chairunnissap" failures="1" tests="1" name="runner.TestRunner" time="59.012" errors="0" timestamp="2025-10-29T23:34:20 WIB" skipped="0">
  <testcase classname="runner.TestRunner" name="runScenario" time="59.012">
    <failure message="Penerbangan pergi tidak sesuai! expected [true] but found [false]" type="java.lang.AssertionError">
      <![CDATA[java.lang.AssertionError: Penerbangan pergi tidak sesuai! expected [true] but found [false]
at org.testng.Assert.fail(Assert.java:111)
at org.testng.Assert.failNotEquals(Assert.java:1590)
at org.testng.Assert.assertTrue(Assert.java:57)
at stepdefenitions.BookFlightImpl.User_verifikasi_detail_tiket(BookFlightImpl.java:87)
at ✽.User verifikasi detail tiket(classpath:features/BookFlightAgoda.feature:12)
]]>
    </failure>
  </testcase> <!-- runScenario -->
</testsuite> <!-- runner.TestRunner -->
